AndroidWorkout/app/build/intermediates/manifest_merge_blame_file/debug/manifest-merger-blame-debug-report.txt
1<?xml version="1.0" encoding="utf-8"?>
2<manifest xmlns:android="http://schemas.android.com/apk/res/android"
3    package="com.dundyne.androidworkout"
4    android:versionCode="1"
5    android:versionName="1.0" >
6
7    <uses-sdk
8        android:minSdkVersion="21"
8-->src\main\AndroidManifest.xml
9        android:targetSdkVersion="29" />
9-->src\main\AndroidManifest.xml
10
11    <uses-permission android:name="android.permission.ACCESS_FINE_LOCATION" />
11-->src\main\AndroidManifest.xml:5:5-79
11-->src\main\AndroidManifest.xml:5:22-76
12    <uses-permission android:name="android.permission.INTERNET" />
12-->src\main\AndroidManifest.xml:6:5-66
12-->src\main\AndroidManifest.xml:6:22-64
13    <uses-permission android:name="android.permission.WAKE_LOCK" />
13-->src\main\AndroidManifest.xml:7:5-68
13-->src\main\AndroidManifest.xml:7:22-65
14    <uses-permission android:name="android.permission.ACCESS_COARSE_LOCATION" />
14-->src\main\AndroidManifest.xml:8:5-81
14-->src\main\AndroidManifest.xml:8:22-78
15    <uses-permission android:name="android.permission.ACCESS_NETWORK_STATE" />
15-->[com.firebaseui:firebase-ui-auth:6.2.0] AndroidManifest.xml:12:5-79
15-->[com.firebaseui:firebase-ui-auth:6.2.0] AndroidManifest.xml:12:22-76
16    <uses-permission android:name="com.google.android.finsky.permission.BIND_GET_INSTALL_REFERRER_SERVICE" /> <!-- Permission will be merged into the manifest of the hosting app. -->
16-->[com.google.android.gms:play-services-measurement:17.6.0] AndroidManifest.xml:26:5-110
16-->[com.google.android.gms:play-services-measurement:17.6.0] AndroidManifest.xml:26:22-107
17    <!-- Is required to launch foreground extraction service for targetSdkVersion 28+. -->
18    <uses-permission android:name="android.permission.FOREGROUND_SERVICE" />
18-->[com.google.android.play:core:1.7.2] AndroidManifest.xml:8:3-74
18-->[com.google.android.play:core:1.7.2] AndroidManifest.xml:8:20-72
19
20    <application
20-->src\main\AndroidManifest.xml:10:5-54:19
21        android:allowBackup="true"
21-->src\main\AndroidManifest.xml:11:9-35
22        android:appComponentFactory="androidx.core.app.CoreComponentFactory"
22-->[androidx.core:core:1.5.0-alpha01] AndroidManifest.xml:24:18-86
23        android:debuggable="true"
24        android:icon="@mipmap/ic_launcher"
24-->src\main\AndroidManifest.xml:12:9-43
25        android:label="@string/app_name"
25-->src\main\AndroidManifest.xml:13:9-41
26        android:roundIcon="@mipmap/ic_launcher_round"
26-->src\main\AndroidManifest.xml:14:9-54
27        android:supportsRtl="true"
27-->src\main\AndroidManifest.xml:15:9-35
28        android:testOnly="true"
29        android:theme="@style/AppTheme" >
29-->src\main\AndroidManifest.xml:16:9-40
30        <activity android:name="com.dundyne.androidworkout.YoutubeActivity" />
30-->src\main\AndroidManifest.xml:17:9-62
30-->src\main\AndroidManifest.xml:17:19-50
31        <activity
31-->src\main\AndroidManifest.xml:18:9-20:63
32            android:name="com.dundyne.androidworkout.SettingsActivity"
32-->src\main\AndroidManifest.xml:19:13-45
33            android:label="@string/title_activity_settings" />
33-->src\main\AndroidManifest.xml:20:13-60
34        <activity android:name="com.dundyne.androidworkout.MapsActivity" />
34-->src\main\AndroidManifest.xml:21:9-50
34-->src\main\AndroidManifest.xml:21:19-47
35        <activity android:name="com.dundyne.androidworkout.ExerciseActivity" />
35-->src\main\AndroidManifest.xml:22:9-54
35-->src\main\AndroidManifest.xml:22:19-51
36        <activity
36-->src\main\AndroidManifest.xml:23:9-30:20
37            android:name="com.dundyne.androidworkout.GraphActivity"
37-->src\main\AndroidManifest.xml:24:13-42
38            android:label="Graph Activity"
38-->src\main\AndroidManifest.xml:25:13-43
39            android:parentActivityName="com.dundyne.androidworkout.MainActivity" >
39-->src\main\AndroidManifest.xml:26:13-55
40            <meta-data
40-->src\main\AndroidManifest.xml:27:13-29:75
41                android:name="android.support.PARENT_ACTIVITY"
41-->src\main\AndroidManifest.xml:28:17-63
42                android:value="com.dundyne.androidworkout.MainActivity" />
42-->src\main\AndroidManifest.xml:29:17-72
43        </activity>
44        <activity
44-->src\main\AndroidManifest.xml:31:9-38:20
45            android:name="com.dundyne.androidworkout.LoginActivity"
45-->src\main\AndroidManifest.xml:32:13-42
46            android:label="Login Activity"
46-->src\main\AndroidManifest.xml:33:13-43
47            android:parentActivityName="com.dundyne.androidworkout.MainActivity" >
47-->src\main\AndroidManifest.xml:34:13-55
48            <meta-data
48-->src\main\AndroidManifest.xml:27:13-29:75
49                android:name="android.support.PARENT_ACTIVITY"
49-->src\main\AndroidManifest.xml:28:17-63
50                android:value="com.dundyne.androidworkout.MainActivity" />
50-->src\main\AndroidManifest.xml:29:17-72
51        </activity>
52        <activity
52-->src\main\AndroidManifest.xml:39:9-46:20
53            android:name="com.dundyne.androidworkout.SecondActivity"
53-->src\main\AndroidManifest.xml:40:13-43
54            android:label="Second Activity"
54-->src\main\AndroidManifest.xml:41:13-44
55            android:parentActivityName="com.dundyne.androidworkout.MainActivity" >
55-->src\main\AndroidManifest.xml:42:13-55
56            <meta-data
56-->src\main\AndroidManifest.xml:27:13-29:75
57                android:name="android.support.PARENT_ACTIVITY"
57-->src\main\AndroidManifest.xml:28:17-63
58                android:value="com.dundyne.androidworkout.MainActivity" />
58-->src\main\AndroidManifest.xml:29:17-72
59        </activity>
60        <activity android:name="com.dundyne.androidworkout.MainActivity" >
60-->src\main\AndroidManifest.xml:47:9-53:20
60-->src\main\AndroidManifest.xml:47:19-47
61            <intent-filter>
61-->src\main\AndroidManifest.xml:48:13-52:29
62                <action android:name="android.intent.action.MAIN" />
62-->src\main\AndroidManifest.xml:49:17-69
62-->src\main\AndroidManifest.xml:49:25-66
63
64                <category android:name="android.intent.category.LAUNCHER" />
64-->src\main\AndroidManifest.xml:51:17-77
64-->src\main\AndroidManifest.xml:51:27-74
65            </intent-filter>
66        </activity>
67
68        <meta-data
68-->[com.firebaseui:firebase-ui-auth:6.2.0] AndroidManifest.xml:16:9-18:69
69            android:name="com.google.android.gms.version"
69-->[com.firebaseui:firebase-ui-auth:6.2.0] AndroidManifest.xml:17:13-58
70            android:value="@integer/google_play_services_version" />
70-->[com.firebaseui:firebase-ui-auth:6.2.0] AndroidManifest.xml:18:13-66
71        <meta-data
71-->[com.firebaseui:firebase-ui-auth:6.2.0] AndroidManifest.xml:19:9-21:63
72            android:name="com.facebook.sdk.ApplicationId"
72-->[com.firebaseui:firebase-ui-auth:6.2.0] AndroidManifest.xml:20:13-58
73            android:value="@string/facebook_application_id" />
73-->[com.firebaseui:firebase-ui-auth:6.2.0] AndroidManifest.xml:21:13-60
74
75        <activity
75-->[com.firebaseui:firebase-ui-auth:6.2.0] AndroidManifest.xml:23:9-27:61
76            android:name="com.firebase.ui.auth.KickoffActivity"
76-->[com.firebaseui:firebase-ui-auth:6.2.0] AndroidManifest.xml:24:13-64
77            android:exported="false"
77-->[com.firebaseui:firebase-ui-auth:6.2.0] AndroidManifest.xml:25:13-37
78            android:label=""
78-->[com.firebaseui:firebase-ui-auth:6.2.0] AndroidManifest.xml:26:13-29
79            android:theme="@style/FirebaseUI.Transparent" />
79-->[com.firebaseui:firebase-ui-auth:6.2.0] AndroidManifest.xml:27:13-58
80        <activity
80-->[com.firebaseui:firebase-ui-auth:6.2.0] AndroidManifest.xml:28:9-32:61
81            android:name="com.firebase.ui.auth.ui.idp.SingleSignInActivity"
81-->[com.firebaseui:firebase-ui-auth:6.2.0] AndroidManifest.xml:29:13-76
82            android:exported="false"
82-->[com.firebaseui:firebase-ui-auth:6.2.0] AndroidManifest.xml:30:13-37
83            android:label=""
83-->[com.firebaseui:firebase-ui-auth:6.2.0] AndroidManifest.xml:31:13-29
84            android:theme="@style/FirebaseUI.Transparent" />
84-->[com.firebaseui:firebase-ui-auth:6.2.0] AndroidManifest.xml:32:13-58
85        <activity
85-->[com.firebaseui:firebase-ui-auth:6.2.0] AndroidManifest.xml:33:9-37:61
86            android:name="com.firebase.ui.auth.ui.credentials.CredentialSaveActivity"
86-->[com.firebaseui:firebase-ui-auth:6.2.0] AndroidManifest.xml:34:13-86
87            android:exported="false"
87-->[com.firebaseui:firebase-ui-auth:6.2.0] AndroidManifest.xml:35:13-37
88            android:label=""
88-->[com.firebaseui:firebase-ui-auth:6.2.0] AndroidManifest.xml:36:13-29
89            android:theme="@style/FirebaseUI.Transparent" />
89-->[com.firebaseui:firebase-ui-auth:6.2.0] AndroidManifest.xml:37:13-58
90        <activity
90-->[com.firebaseui:firebase-ui-auth:6.2.0] AndroidManifest.xml:38:9-42:58
91            android:name="com.firebase.ui.auth.ui.email.RecoverPasswordActivity"
91-->[com.firebaseui:firebase-ui-auth:6.2.0] AndroidManifest.xml:39:13-81
92            android:exported="false"
92-->[com.firebaseui:firebase-ui-auth:6.2.0] AndroidManifest.xml:40:13-37
93            android:label="@string/fui_title_recover_password_activity"
93-->[com.firebaseui:firebase-ui-auth:6.2.0] AndroidManifest.xml:41:13-72
94            android:windowSoftInputMode="adjustResize" />
94-->[com.firebaseui:firebase-ui-auth:6.2.0] AndroidManifest.xml:42:13-55
95        <activity
95-->[com.firebaseui:firebase-ui-auth:6.2.0] AndroidManifest.xml:43:9-47:58
96            android:name="com.firebase.ui.auth.ui.email.EmailActivity"
96-->[com.firebaseui:firebase-ui-auth:6.2.0] AndroidManifest.xml:44:13-71
97            android:exported="false"
97-->[com.firebaseui:firebase-ui-auth:6.2.0] AndroidManifest.xml:45:13-37
98            android:label="@string/fui_sign_in_default"
98-->[com.firebaseui:firebase-ui-auth:6.2.0] AndroidManifest.xml:46:13-56
99            android:windowSoftInputMode="adjustResize" />
99-->[com.firebaseui:firebase-ui-auth:6.2.0] AndroidManifest.xml:47:13-55
100        <activity
100-->[com.firebaseui:firebase-ui-auth:6.2.0] AndroidManifest.xml:48:9-52:77
101            android:name="com.firebase.ui.auth.ui.phone.PhoneActivity"
101-->[com.firebaseui:firebase-ui-auth:6.2.0] AndroidManifest.xml:49:13-71
102            android:exported="false"
102-->[com.firebaseui:firebase-ui-auth:6.2.0] AndroidManifest.xml:50:13-37
103            android:label="@string/fui_sign_in_with_phone_number"
103-->[com.firebaseui:firebase-ui-auth:6.2.0] AndroidManifest.xml:51:13-66
104            android:windowSoftInputMode="adjustResize|stateAlwaysVisible" />
104-->[com.firebaseui:firebase-ui-auth:6.2.0] AndroidManifest.xml:52:13-74
105        <activity
105-->[com.firebaseui:firebase-ui-auth:6.2.0] AndroidManifest.xml:53:9-57:58
106            android:name="com.firebase.ui.auth.ui.idp.WelcomeBackIdpPrompt"
106-->[com.firebaseui:firebase-ui-auth:6.2.0] AndroidManifest.xml:54:13-76
107            android:exported="false"
107-->[com.firebaseui:firebase-ui-auth:6.2.0] AndroidManifest.xml:55:13-37
108            android:label="@string/fui_title_welcome_back_idp_prompt"
108-->[com.firebaseui:firebase-ui-auth:6.2.0] AndroidManifest.xml:56:13-70
109            android:windowSoftInputMode="adjustResize" />
109-->[com.firebaseui:firebase-ui-auth:6.2.0] AndroidManifest.xml:57:13-55
110        <activity
110-->[com.firebaseui:firebase-ui-auth:6.2.0] AndroidManifest.xml:58:9-62:58
111            android:name="com.firebase.ui.auth.ui.email.WelcomeBackPasswordPrompt"
111-->[com.firebaseui:firebase-ui-auth:6.2.0] AndroidManifest.xml:59:13-83
112            android:exported="false"
112-->[com.firebaseui:firebase-ui-auth:6.2.0] AndroidManifest.xml:60:13-37
113            android:label="@string/fui_title_welcome_back_password_prompt"
113-->[com.firebaseui:firebase-ui-auth:6.2.0] AndroidManifest.xml:61:13-75
114            android:windowSoftInputMode="adjustResize" />
114-->[com.firebaseui:firebase-ui-auth:6.2.0] AndroidManifest.xml:62:13-55
115        <activity
115-->[com.firebaseui:firebase-ui-auth:6.2.0] AndroidManifest.xml:63:9-67:58
116            android:name="com.firebase.ui.auth.ui.email.WelcomeBackEmailLinkPrompt"
116-->[com.firebaseui:firebase-ui-auth:6.2.0] AndroidManifest.xml:64:13-84
117            android:exported="false"
117-->[com.firebaseui:firebase-ui-auth:6.2.0] AndroidManifest.xml:65:13-37
118            android:label="@string/fui_title_welcome_back_password_prompt"
118-->[com.firebaseui:firebase-ui-auth:6.2.0] AndroidManifest.xml:66:13-75
119            android:windowSoftInputMode="adjustResize" />
119-->[com.firebaseui:firebase-ui-auth:6.2.0] AndroidManifest.xml:67:13-55
120        <activity
120-->[com.firebaseui:firebase-ui-auth:6.2.0] AndroidManifest.xml:68:9-73:58
121            android:name="com.firebase.ui.auth.ui.email.EmailLinkCatcherActivity"
121-->[com.firebaseui:firebase-ui-auth:6.2.0] AndroidManifest.xml:69:13-82
122            android:exported="false"
122-->[com.firebaseui:firebase-ui-auth:6.2.0] AndroidManifest.xml:70:13-37
123            android:label=""
123-->[com.firebaseui:firebase-ui-auth:6.2.0] AndroidManifest.xml:71:13-29
124            android:theme="@style/FirebaseUI.Transparent"
124-->[com.firebaseui:firebase-ui-auth:6.2.0] AndroidManifest.xml:72:13-58
125            android:windowSoftInputMode="adjustResize" />
125-->[com.firebaseui:firebase-ui-auth:6.2.0] AndroidManifest.xml:73:13-55
126        <activity
126-->[com.firebaseui:firebase-ui-auth:6.2.0] AndroidManifest.xml:74:9-78:58
127            android:name="com.firebase.ui.auth.ui.email.EmailLinkErrorRecoveryActivity"
127-->[com.firebaseui:firebase-ui-auth:6.2.0] AndroidManifest.xml:75:13-88
128            android:exported="false"
128-->[com.firebaseui:firebase-ui-auth:6.2.0] AndroidManifest.xml:76:13-37
129            android:label="@string/fui_sign_in_default"
129-->[com.firebaseui:firebase-ui-auth:6.2.0] AndroidManifest.xml:77:13-56
130            android:windowSoftInputMode="adjustResize" />
130-->[com.firebaseui:firebase-ui-auth:6.2.0] AndroidManifest.xml:78:13-55
131        <activity
131-->[com.firebaseui:firebase-ui-auth:6.2.0] AndroidManifest.xml:79:9-82:65
132            android:name="com.firebase.ui.auth.ui.idp.AuthMethodPickerActivity"
132-->[com.firebaseui:firebase-ui-auth:6.2.0] AndroidManifest.xml:80:13-80
133            android:exported="false"
133-->[com.firebaseui:firebase-ui-auth:6.2.0] AndroidManifest.xml:81:13-37
134            android:label="@string/fui_default_toolbar_title" />
134-->[com.firebaseui:firebase-ui-auth:6.2.0] AndroidManifest.xml:82:13-62
135        <activity
135-->[com.firebaseui:firebase-ui-auth:6.2.0] AndroidManifest.xml:83:9-87:48
136            android:name="com.facebook.FacebookActivity"
136-->[com.firebaseui:firebase-ui-auth:6.2.0] AndroidManifest.xml:84:13-57
137            android:configChanges="keyboard|keyboardHidden|screenLayout|screenSize|orientation"
137-->[com.firebaseui:firebase-ui-auth:6.2.0] AndroidManifest.xml:85:13-96
138            android:label="@string/app_name" />
138-->[com.firebaseui:firebase-ui-auth:6.2.0] AndroidManifest.xml:86:13-45
139        <activity
139-->[com.firebaseui:firebase-ui-auth:6.2.0] AndroidManifest.xml:88:9-100:20
140            android:name="com.facebook.CustomTabActivity"
140-->[com.firebaseui:firebase-ui-auth:6.2.0] AndroidManifest.xml:89:13-58
141            android:exported="true" >
141-->[com.firebaseui:firebase-ui-auth:6.2.0] AndroidManifest.xml:90:13-36
142            <intent-filter>
142-->[com.firebaseui:firebase-ui-auth:6.2.0] AndroidManifest.xml:92:13-99:29
143                <action android:name="android.intent.action.VIEW" />
143-->[com.firebaseui:firebase-ui-auth:6.2.0] AndroidManifest.xml:93:17-69
143-->[com.firebaseui:firebase-ui-auth:6.2.0] AndroidManifest.xml:93:25-66
144
145                <category android:name="android.intent.category.DEFAULT" />
145-->[com.firebaseui:firebase-ui-auth:6.2.0] AndroidManifest.xml:95:17-76
145-->[com.firebaseui:firebase-ui-auth:6.2.0] AndroidManifest.xml:95:27-73
146                <category android:name="android.intent.category.BROWSABLE" />
146-->[com.firebaseui:firebase-ui-auth:6.2.0] AndroidManifest.xml:96:17-78
146-->[com.firebaseui:firebase-ui-auth:6.2.0] AndroidManifest.xml:96:27-75
147
148                <data android:scheme="@string/facebook_login_protocol_scheme" />
148-->[com.firebaseui:firebase-ui-auth:6.2.0] AndroidManifest.xml:98:17-81
148-->[com.firebaseui:firebase-ui-auth:6.2.0] AndroidManifest.xml:98:23-78
149            </intent-filter>
150        </activity>
151
152        <provider
152-->[com.firebaseui:firebase-ui-auth:6.2.0] AndroidManifest.xml:102:9-106:38
153            android:name="com.firebase.ui.auth.data.client.AuthUiInitProvider"
153-->[com.firebaseui:firebase-ui-auth:6.2.0] AndroidManifest.xml:103:13-79
154            android:authorities="com.dundyne.androidworkout.authuiinitprovider"
154-->[com.firebaseui:firebase-ui-auth:6.2.0] AndroidManifest.xml:104:13-70
155            android:exported="false"
155-->[com.firebaseui:firebase-ui-auth:6.2.0] AndroidManifest.xml:105:13-37
156            android:initOrder="90" />
156-->[com.firebaseui:firebase-ui-auth:6.2.0] AndroidManifest.xml:106:13-35
157
158        <activity
158-->[com.google.firebase:firebase-auth:19.4.0] AndroidManifest.xml:24:9-31:50
159            android:name="com.google.firebase.auth.internal.FederatedSignInActivity"
159-->[com.google.firebase:firebase-auth:19.4.0] AndroidManifest.xml:25:13-85
160            android:excludeFromRecents="true"
160-->[com.google.firebase:firebase-auth:19.4.0] AndroidManifest.xml:26:13-46
161            android:exported="true"
161-->[com.google.firebase:firebase-auth:19.4.0] AndroidManifest.xml:27:13-36
162            android:launchMode="singleTask"
162-->[com.google.firebase:firebase-auth:19.4.0] AndroidManifest.xml:28:13-44
163            android:permission="com.google.firebase.auth.api.gms.permission.LAUNCH_FEDERATED_SIGN_IN"
163-->[com.google.firebase:firebase-auth:19.4.0] AndroidManifest.xml:29:13-102
164            android:theme="@android:style/Theme.Translucent.NoTitleBar" />
164-->[com.google.firebase:firebase-auth:19.4.0] AndroidManifest.xml:30:13-72
165
166        <service
166-->[com.google.firebase:firebase-auth:19.4.0] AndroidManifest.xml:33:9-39:19
167            android:name="com.google.firebase.components.ComponentDiscoveryService"
167-->[com.google.firebase:firebase-auth:19.4.0] AndroidManifest.xml:34:13-84
168            android:directBootAware="true"
168-->[com.google.firebase:firebase-common:19.3.1] AndroidManifest.xml:35:13-43
169            android:exported="false" >
169-->[com.google.firebase:firebase-auth:19.4.0] AndroidManifest.xml:35:13-37
170            <meta-data
170-->[com.google.firebase:firebase-auth:19.4.0] AndroidManifest.xml:36:13-38:85
171                android:name="com.google.firebase.components:com.google.firebase.auth.FirebaseAuthRegistrar"
171-->[com.google.firebase:firebase-auth:19.4.0] AndroidManifest.xml:37:17-109
172                android:value="com.google.firebase.components.ComponentRegistrar" />
172-->[com.google.firebase:firebase-auth:19.4.0] AndroidManifest.xml:38:17-82
173            <meta-data
173-->[com.google.firebase:firebase-database:19.5.0] AndroidManifest.xml:32:13-34:85
174                android:name="com.google.firebase.components:com.google.firebase.database.DatabaseRegistrar"
174-->[com.google.firebase:firebase-database:19.5.0] AndroidManifest.xml:33:17-109
175                android:value="com.google.firebase.components.ComponentRegistrar" />
175-->[com.google.firebase:firebase-database:19.5.0] AndroidManifest.xml:34:17-82
176            <meta-data
176-->[com.google.android.gms:play-services-measurement-api:17.6.0] AndroidManifest.xml:30:13-32:85
177                android:name="com.google.firebase.components:com.google.firebase.analytics.connector.internal.AnalyticsConnectorRegistrar"
177-->[com.google.android.gms:play-services-measurement-api:17.6.0] AndroidManifest.xml:31:17-139
178                android:value="com.google.firebase.components.ComponentRegistrar" />
178-->[com.google.android.gms:play-services-measurement-api:17.6.0] AndroidManifest.xml:32:17-82
179            <meta-data
179-->[com.google.firebase:firebase-installations:16.3.2] AndroidManifest.xml:17:13-19:85
180                android:name="com.google.firebase.components:com.google.firebase.installations.FirebaseInstallationsRegistrar"
180-->[com.google.firebase:firebase-installations:16.3.2] AndroidManifest.xml:18:17-127
181                android:value="com.google.firebase.components.ComponentRegistrar" />
181-->[com.google.firebase:firebase-installations:16.3.2] AndroidManifest.xml:19:17-82
182        </service>
183
184        <activity
184-->[com.google.android.gms:play-services-auth:17.0.0] AndroidManifest.xml:23:9-27:75
185            android:name="com.google.android.gms.auth.api.signin.internal.SignInHubActivity"
185-->[com.google.android.gms:play-services-auth:17.0.0] AndroidManifest.xml:24:13-93
186            android:excludeFromRecents="true"
186-->[com.google.android.gms:play-services-auth:17.0.0] AndroidManifest.xml:25:13-46
187            android:exported="false"
187-->[com.google.android.gms:play-services-auth:17.0.0] AndroidManifest.xml:26:13-37
188            android:theme="@android:style/Theme.Translucent.NoTitleBar" />
188-->[com.google.android.gms:play-services-auth:17.0.0] AndroidManifest.xml:27:13-72
189        <!--
190            Service handling Google Sign-In user revocation. For apps that do not integrate with
191            Google Sign-In, this service will never be started.
192        -->
193        <service
193-->[com.google.android.gms:play-services-auth:17.0.0] AndroidManifest.xml:33:9-36:110
194            android:name="com.google.android.gms.auth.api.signin.RevocationBoundService"
194-->[com.google.android.gms:play-services-auth:17.0.0] AndroidManifest.xml:34:13-89
195            android:exported="true"
195-->[com.google.android.gms:play-services-auth:17.0.0] AndroidManifest.xml:35:13-36
196            android:permission="com.google.android.gms.auth.api.signin.permission.REVOCATION_NOTIFICATION" />
196-->[com.google.android.gms:play-services-auth:17.0.0] AndroidManifest.xml:36:13-107
197
198        <activity
198-->[com.google.android.gms:play-services-base:17.1.0] AndroidManifest.xml:23:9-26:75
199            android:name="com.google.android.gms.common.api.GoogleApiActivity"
199-->[com.google.android.gms:play-services-base:17.1.0] AndroidManifest.xml:24:13-79
200            android:exported="false"
200-->[com.google.android.gms:play-services-base:17.1.0] AndroidManifest.xml:25:13-37
201            android:theme="@android:style/Theme.Translucent.NoTitleBar" />
201-->[com.google.android.gms:play-services-base:17.1.0] AndroidManifest.xml:26:13-72
202
203        <provider
203-->[com.google.firebase:firebase-common:19.3.1] AndroidManifest.xml:26:9-31:39
204            android:name="com.google.firebase.provider.FirebaseInitProvider"
204-->[com.google.firebase:firebase-common:19.3.1] AndroidManifest.xml:27:13-77
205            android:authorities="com.dundyne.androidworkout.firebaseinitprovider"
205-->[com.google.firebase:firebase-common:19.3.1] AndroidManifest.xml:28:13-72
206            android:directBootAware="true"
206-->[com.google.firebase:firebase-common:19.3.1] AndroidManifest.xml:29:13-43
207            android:exported="false"
207-->[com.google.firebase:firebase-common:19.3.1] AndroidManifest.xml:30:13-37
208            android:initOrder="100" />
208-->[com.google.firebase:firebase-common:19.3.1] AndroidManifest.xml:31:13-36
209
210        <receiver
210-->[com.google.android.gms:play-services-measurement:17.6.0] AndroidManifest.xml:29:9-33:20
211            android:name="com.google.android.gms.measurement.AppMeasurementReceiver"
211-->[com.google.android.gms:play-services-measurement:17.6.0] AndroidManifest.xml:30:13-85
212            android:enabled="true"
212-->[com.google.android.gms:play-services-measurement:17.6.0] AndroidManifest.xml:31:13-35
213            android:exported="false" >
213-->[com.google.android.gms:play-services-measurement:17.6.0] AndroidManifest.xml:32:13-37
214        </receiver>
215
216        <service
216-->[com.google.android.gms:play-services-measurement:17.6.0] AndroidManifest.xml:35:9-38:40
217            android:name="com.google.android.gms.measurement.AppMeasurementService"
217-->[com.google.android.gms:play-services-measurement:17.6.0] AndroidManifest.xml:36:13-84
218            android:enabled="true"
218-->[com.google.android.gms:play-services-measurement:17.6.0] AndroidManifest.xml:37:13-35
219            android:exported="false" />
219-->[com.google.android.gms:play-services-measurement:17.6.0] AndroidManifest.xml:38:13-37
220        <service
220-->[com.google.android.gms:play-services-measurement:17.6.0] AndroidManifest.xml:39:9-43:72
221            android:name="com.google.android.gms.measurement.AppMeasurementJobService"
221-->[com.google.android.gms:play-services-measurement:17.6.0] AndroidManifest.xml:40:13-87
222            android:enabled="true"
222-->[com.google.android.gms:play-services-measurement:17.6.0] AndroidManifest.xml:41:13-35
223            android:exported="false"
223-->[com.google.android.gms:play-services-measurement:17.6.0] AndroidManifest.xml:42:13-37
224            android:permission="android.permission.BIND_JOB_SERVICE" />
224-->[com.google.android.gms:play-services-measurement:17.6.0] AndroidManifest.xml:43:13-69
225
226        <provider
226-->[androidx.lifecycle:lifecycle-process:2.1.0] AndroidManifest.xml:23:9-27:43
227            android:name="androidx.lifecycle.ProcessLifecycleOwnerInitializer"
227-->[androidx.lifecycle:lifecycle-process:2.1.0] AndroidManifest.xml:24:13-79
228            android:authorities="com.dundyne.androidworkout.lifecycle-process"
228-->[androidx.lifecycle:lifecycle-process:2.1.0] AndroidManifest.xml:25:13-69
229            android:exported="false"
229-->[androidx.lifecycle:lifecycle-process:2.1.0] AndroidManifest.xml:26:13-37
230            android:multiprocess="true" /> <!-- The activities will be merged into the manifest of the hosting app. -->
230-->[androidx.lifecycle:lifecycle-process:2.1.0] AndroidManifest.xml:27:13-40
231        <activity
231-->[com.google.android.play:core:1.7.2] AndroidManifest.xml:12:5-271
232            android:name="com.google.android.play.core.missingsplits.PlayCoreMissingSplitsActivity"
232-->[com.google.android.play:core:1.7.2] AndroidManifest.xml:12:15-102
233            android:enabled="false"
233-->[com.google.android.play:core:1.7.2] AndroidManifest.xml:12:103-126
234            android:exported="false"
234-->[com.google.android.play:core:1.7.2] AndroidManifest.xml:12:127-151
235            android:launchMode="singleInstance"
235-->[com.google.android.play:core:1.7.2] AndroidManifest.xml:12:204-239
236            android:process=":playcore_missing_splits_activity"
236-->[com.google.android.play:core:1.7.2] AndroidManifest.xml:12:152-203
237            android:stateNotNeeded="true" />
237-->[com.google.android.play:core:1.7.2] AndroidManifest.xml:12:240-269
238        <activity
238-->[com.google.android.play:core:1.7.2] AndroidManifest.xml:13:5-226
239            android:name="com.google.android.play.core.common.PlayCoreDialogWrapperActivity"
239-->[com.google.android.play:core:1.7.2] AndroidManifest.xml:13:15-95
240            android:enabled="false"
240-->[com.google.android.play:core:1.7.2] AndroidManifest.xml:13:96-119
241            android:exported="false"
241-->[com.google.android.play:core:1.7.2] AndroidManifest.xml:13:120-144
242            android:stateNotNeeded="true"
242-->[com.google.android.play:core:1.7.2] AndroidManifest.xml:13:145-174
243            android:theme="@style/Theme.PlayCore.Transparent" /> <!-- The service will be merged into the manifest of the hosting app. -->
243-->[com.google.android.play:core:1.7.2] AndroidManifest.xml:13:175-224
244        <service
244-->[com.google.android.play:core:1.7.2] AndroidManifest.xml:16:5-145
245            android:name="com.google.android.play.core.assetpacks.AssetPackExtractionService"
245-->[com.google.android.play:core:1.7.2] AndroidManifest.xml:16:14-95
246            android:enabled="false"
246-->[com.google.android.play:core:1.7.2] AndroidManifest.xml:16:96-119
247            android:exported="true" />
247-->[com.google.android.play:core:1.7.2] AndroidManifest.xml:16:120-143
248    </application>
249
250</manifest>